make all --print-data-base --no-builtin-variables --no-builtin-rules --question
# GNU Make 3.81
# Copyright (C) 2006  Free Software Foundation, Inc.
# This is free software; see the source for copying conditions.
# There is NO warranty; not even for MERCHANTABILITY or FITNESS FOR A
# PARTICULAR PURPOSE.

# This program built for i386-apple-darwin11.3.0
 

# Make data base, printed on Tue Mar 15 05:26:38 2022

# Variables

# automatic
<D = $(patsubst %/,%,$(dir $<))
# automatic
?F = $(notdir $?)
# environment
ELECTRON_NO_ATTACH_CONSOLE = 1
# environment
VSCODE_LOG_NATIVE = false
# automatic
?D = $(patsubst %/,%,$(dir $?))
# environment
CPPFLAGS = -I/opt/homebrew/opt/openjdk/include
# automatic
@D = $(patsubst %/,%,$(dir $@))
# automatic
@F = $(notdir $@)
# makefile
CURDIR := /Users/VincentX/Code/test/go-test/gorm-protoc-gen-test/protoc-gen-gorm
# makefile (from `Makefile.buf', line 2)
SHELL := /usr/bin/env bash -o pipefail
# environment
VSCODE_NLS_CONFIG = {"locale":"zh-cn","availableLanguages":{"*":"zh-cn"},"_languagePackId":"5bbccb7f472a6daff9a80a1ebebb1809.zh-cn","_translationsConfigFile":"/Users/VincentX/Library/Application Support/Code/clp/5bbccb7f472a6daff9a80a1ebebb1809.zh-cn/tcf.json","_cacheRoot":"/Users/VincentX/Library/Application Support/Code/clp/5bbccb7f472a6daff9a80a1ebebb1809.zh-cn","_resolvedLanguagePackCoreLocation":"/Users/VincentX/Library/Application Support/Code/clp/5bbccb7f472a6daff9a80a1ebebb1809.zh-cn/8908a9ca0f221f36507231afb39d2d8d1e182702","_corruptedFile":"/Users/VincentX/Library/Application Support/Code/clp/5bbccb7f472a6daff9a80a1ebebb1809.zh-cn/corrupted.info","_languagePackSupport":true}
# makefile (from `Makefile.buf', line 37)
CACHE_BIN := /Users/VincentX/.cache/buf-example/Darwin/arm64/bin
# environment
ZSH_HIGHLIGHT_HIGHLIGHTERS_DIR = /opt/homebrew/share/zsh-syntax-highlighting/highlighters
# environment
_ = /usr/bin/make
# environment
STARSHIP_SESSION_KEY = 1086213321151141
# makefile (from `Makefile.buf', line 46)
GO111MODULE := on
# environment
VSCODE_AMD_ENTRYPOINT = vs/workbench/api/node/extensionHostProcess
# environment
AUTOJUMP_SOURCED = 1
# environment
VSCODE_VERBOSE_LOGGING = true
# environment
__CFBundleIdentifier = com.microsoft.VSCode
# environment
INFOPATH = /opt/homebrew/share/info:
# environment
VSCODE_IPC_HOOK_EXTHOST = /var/folders/nw/jb6jmbs54ld5m9rc_vmp9jth0000gn/T/vscode-ipc-4b392ba1-9334-49f2-bdde-e6b2b64795af.sock
# environment
VSCODE_CWD = /Users/VincentX/Code/test/go-test/gorm-protoc-gen-test
# environment
GOPROXY = https://proxy.golang.com.cn,direct
# makefile (from `Makefile.buf', line 42)
PATH := /Users/VincentX/.cache/buf-example/Darwin/arm64/bin:/opt/homebrew/opt/tcl-tk/bin:/Users/VincentX/opt/anaconda3/bin:/Users/VincentX/opt/anaconda3/condabin:/opt/homebrew/opt/openjdk/bin:/opt/homebrew/opt/ncurses/bin:/opt/homebrew/bin:/opt/homebrew/bin:/opt/homebrew/sbin:/usr/local/bin:/usr/bin:/bin:/usr/sbin:/sbin:/usr/local/go/bin:/Library/Apple/usr/bin:/Users/VincentX/.cargo/bin:/Users/VincentX/.fig/bin:/Users/VincentX/.gopath/bin:node_modules/.bin
# makefile (from `Makefile.buf', line 30)
UNAME_OS := Darwin
# environment
LSCOLORS = Gxfxcxdxbxegedabagacad
# makefile (from `Makefile.buf', line 5)
PROJECT := buf-example
# environment
FIG_CHECKED_PROMPTS = 1
# makefile (from `Makefile', line 117)
GITHUB_REPO = protoc-gen-gorm
# makefile (from `Makefile.buf', line 1)
MAKEFILE_LIST :=  Makefile Makefile.buf
# makefile (from `Makefile.buf', line 33)
CACHE_BASE := /Users/VincentX/.cache/buf-example
# environment
SPACESHIP_VERSION = 3.11.2
# environment
GOPATH = /Users/VincentX/.gopath
# environment
LaunchInstanceID = 0041F452-5021-4BC5-9FA5-D6039F15D449
# environment
VSCODE_LOG_STACK = false
# environment
ELECTRON_RUN_AS_NODE = 1
# environment
LDFLAGS = -L/usr/local/opt/node@14/lib
# default
.FEATURES := target-specific order-only second-expansion else-if archives jobserver check-symlink
# makefile (from `Makefile.buf', line 39)
CACHE_VERSIONS := /Users/VincentX/.cache/buf-example/Darwin/arm64/versions
# environment
SSH_AUTH_SOCK = /private/tmp/com.apple.launchd.KHt8buPjMI/Listeners
# automatic
%F = $(notdir $%)
# makefile (from `Makefile.buf', line 44)
GOBIN := /Users/VincentX/.cache/buf-example/Darwin/arm64/bin
# environment
CONDA_EXE = /Users/VincentX/opt/anaconda3/bin/conda
# environment
TTY = /dev/ttys017
# environment
FIG_ENV_VAR = 1
# environment
VSCODE_PIPE_LOGGING = true
# makefile (from `Makefile.buf', line 26)
BUF_INSTALL_FROM_SOURCE := false
# environment
PWD = /Users/VincentX/Code/test/go-test/gorm-protoc-gen-test/protoc-gen-gorm
# environment
HOMEBREW_CELLAR = /opt/homebrew/Cellar
# makefile (from `Makefile.buf', line 51)
BUF := /Users/VincentX/.cache/buf-example/Darwin/arm64/versions/buf/1.0.0-rc12
# environment
PKG_CONFIG_PATH = /opt/homebrew/opt/tcl-tk/lib/pkgconfig
# environment
ORIGINAL_XDG_CURRENT_DESKTOP = undefined
# makefile (from `Makefile.buf', line 31)
UNAME_ARCH := arm64
# environment
MANPATH = /opt/homebrew/share/man::
# environment
GOMODCACHE = /Users/VincentX/.gopath/pkg/mod
# environment
HOME = /Users/VincentX
# makefile (from `Makefile.buf', line 24)
BUF_VERSION := 1.0.0-rc12
# default
MAKEFILEPATH = $(shell /usr/bin/xcode-select -print-path 2>/dev/null || echo /Developer)/Makefiles
# environment
VSCODE_CLI = 1
# environment
VSCODE_CODE_CACHE_PATH = /Users/VincentX/Library/Application Support/Code/CachedData/8908a9ca0f221f36507231afb39d2d8d1e182702
# makefile (from `Makefile', line 3)
GENTOOL_IMAGE := infoblox/atlas-gentool:dev-gengorm
# environment
LOGNAME = VincentX
# environment
APPLICATION_INSIGHTS_NO_DIAGNOSTIC_CHANNEL = 1
# environment
CONDA_PROMPT_MODIFIER = 
# environment
ZSH = /Users/VincentX/.oh-my-zsh
# environment
VSCODE_HANDLES_UNCAUGHT_ERRORS = true
# automatic
^D = $(patsubst %/,%,$(dir $^))
# environment
CONDA_DEFAULT_ENV = base
# environment
XPC_FLAGS = 0x0
# environment
COLORTERM = truecolor
# default
MAKE = $(MAKE_COMMAND)
# environment
LC_TERMINAL = iTerm2
# environment
SHLVL = 3
# environment
FIG_TERM = 1
# environment
JAVA_HOME = /opt/homebrew/Cellar/openjdk/16.0.1/libexec/openjdk.jdk/Contents/Home
# default
MAKE_VERSION := 3.81
# environment
USER = VincentX
# environment
FIG_TERM_VERSION = 1
# default
MAKECMDGOALS := all
# environment
TERM_SESSION_ID = w0t1p0:38D9310D-5DF3-467C-B8EC-B604E81DFB7D
# makefile (from `Makefile', line 6)
SRCPATH := /Users/VincentX/.gopath/src
# environment
LESS = -R
# automatic
%D = $(patsubst %/,%,$(dir $%))
# environment
FIG_INTEGRATION_VERSION = 4
# environment
CONDA_SHLVL = 1
# default
MAKE_COMMAND := /Library/Developer/CommandLineTools/usr/bin/make
# environment
TERM_PROGRAM = iTerm.app
# default
.VARIABLES := 
# environment
TMPDIR = /var/folders/nw/jb6jmbs54ld5m9rc_vmp9jth0000gn/T/
# automatic
*F = $(notdir $*)
# environment
VSCODE_IPC_HOOK = /Users/VincentX/Library/Application Support/Code/1.65.1-main.sock
# makefile (from `Makefile.buf', line 35)
CACHE := /Users/VincentX/.cache/buf-example/Darwin/arm64
# makefile
MAKEFLAGS = Rrqp
# environment
MFLAGS = -Rrqp
# automatic
*D = $(patsubst %/,%,$(dir $*))
# environment
TERM_PROGRAM_VERSION = 3.4.15
# environment
XPC_SERVICE_NAME = application.com.microsoft.VSCode.78570502.78570508.383010B3-F519-46BB-8E70-861BA7165525
# environment
LC_TERMINAL_VERSION = 3.4.15
# environment
HOMEBREW_PREFIX = /opt/homebrew
# automatic
+D = $(patsubst %/,%,$(dir $+))
# environment
http_proxy = http://127.0.0.1:1087
# makefile (from `Makefile.buf', line 13)
HTTPS_GIT := https://github.com/bufbuild/buf-example.git
# automatic
+F = $(notdir $+)
# environment
ITERM_SESSION_ID = w0t1p0:38D9310D-5DF3-467C-B8EC-B604E81DFB7D
# environment
HOMEBREW_REPOSITORY = /opt/homebrew
# environment
COLORFGBG = 15;0
# environment
__CF_USER_TEXT_ENCODING = 0x1F5:0x19:0x34
# environment
COMMAND_MODE = unix2003
# makefile (from `Makefile', line 116)
GITHUB_USER = wk8
# default
MAKEFILES := 
# environment
HOMEBREW_NO_AUTO_UPDATE = true
# automatic
<F = $(notdir $<)
# environment
ITERM_PROFILE = Vincent_ARM
# environment
https_proxy = http://127.0.0.1:1087
# environment
GOFLAGS = 
# environment
PAGER = less
# environment
LC_ALL = C
# environment
CONDA_PYTHON_EXE = /Users/VincentX/opt/anaconda3/bin/python
# environment
SECURITYSESSIONID = 186a5
# environment
SPACESHIP_ROOT = /Users/VincentX/.oh-my-zsh/custom/themes/spaceship-prompt
# automatic
^F = $(notdir $^)
# makefile (from `Makefile', line 8)
PROJECT_ROOT := github.com/infobloxopen/protoc-gen-gorm
# default
SUFFIXES := 
# environment
_CE_M = 
# environment
_CE_CONDA = 
# default
 
make: *** No rule to make target `all'.  Stop.
 
.INCLUDE_DIRS = /usr/local/include
# environment
MAKELEVEL := 0
# environment
AUTOJUMP_ERROR_PATH = /Users/VincentX/Library/autojump/errors.log
# makefile (from `Makefile.buf', line 69)
.DEFAULT_GOAL := local
# environment
CONDA_PREFIX = /Users/VincentX/opt/anaconda3
# environment
TERM = xterm
# environment
VSCODE_PID = 31507
# environment
STARSHIP_SHELL = zsh
# makefile (from `Makefile.buf', line 22)
SSH_GIT := ssh://git@github.com/bufbuild/buf-example.git
# environment
LANG = C
# variable set hash-table stats:
# Load=136/1024=13%, Rehash=0, Collisions=20/206=10%

# Pattern-specific Variable Values

# No pattern-specific variable values.

# Directories

# . (device 16777234, inode 78795023): 25 files, no impossibilities.
# example/feature_demo (device 16777234, inode 78795123): 21 files, no impossibilities.
# example/user (device 16777234, inode 78795149): 7 files, no impossibilities.
# example/postgres_arrays (device 16777234, inode 78795143): 7 files, no impossibilities.

# 60 files, no impossibilities in 4 directories.

# Implicit Rules

# No implicit rules.

# Files

# Not a target:
example/feature_demo/demo_service.proto:
#  Implicit rule search has not been done.
#  Modification time never checked.
#  File has not been updated.

example/feature_demo/demo_service.pb.go: example/feature_demo/demo_multi_file.proto example/feature_demo/demo_multi_file_service.proto example/feature_demo/demo_service.proto example/feature_demo/demo_types.proto
#  Implicit rule search has not been done.
#  Modification time never checked.
#  File has not been updated.
#  commands to execute (from `Makefile', line 37):
	buf generate --template example/feature_demo/buf.gen.yaml --path example/feature_demo
	

# Not a target:
example/user/user.proto:
#  Implicit rule search has not been done.
#  Modification time never checked.
#  File has not been updated.

gentool:
#  Implicit rule search has not been done.
#  Modification time never checked.
#  File has not been updated.
#  commands to execute (from `Makefile', line 49):
	docker build -f docker/Dockerfile -t $(GENTOOL_IMAGE) .
	docker image prune -f --filter label=stage=server-intermediate
	

example/user/user.pb.go: example/user/user.proto
#  Implicit rule search has not been done.
#  Modification time never checked.
#  File has not been updated.
#  commands to execute (from `Makefile', line 40):
	buf generate --template example/user/buf.gen.yaml --path example/user
	

generate-gentool:
#  Implicit rule search has not been done.
#  Modification time never checked.
#  File has not been updated.
# makefile (from `Makefile', line 57)
# DOCKER_GENERATOR := infoblox/atlas-gentool:dev-gengorm
# makefile (from `Makefile', line 58)
# GENERATOR := docker run --rm -v /Users/VincentX/Code/test/go-test/gorm-protoc-gen-test/protoc-gen-gorm:/go/src/github.com/infobloxopen/protoc-gen-gorm infoblox/atlas-gentool:dev-gengorm
# makefile (from `Makefile', line 56)
# DOCKER_RUNNER := docker run --rm -v /Users/VincentX/Code/test/go-test/gorm-protoc-gen-test/protoc-gen-gorm:/go/src/github.com/infobloxopen/protoc-gen-gorm
# makefile (from `Makefile', line 52)
# SRCROOT_ON_HOST := /Users/VincentX/Code/test/go-test/gorm-protoc-gen-test/protoc-gen-gorm
# makefile (from `Makefile', line 54)
# DOCKERPATH := /go/src
# makefile (from `Makefile', line 53)
# SRCROOT_IN_CONTAINER := /go/src/github.com/infobloxopen/protoc-gen-gorm
# variable set hash-table stats:
# Load=6/32=19%, Rehash=0, Collisions=1/16=6%
#  commands to execute (from `Makefile', line 60):
	$(DOCKER_RUNNER) \
	$(GENTOOL_IMAGE) \
	--go_out="plugins=grpc:$(DOCKERPATH)" \
	--gorm_out="engine=postgres,enums=string,gateway:$(DOCKERPATH)" \
	feature_demo/demo_multi_file.proto \
	feature_demo/demo_multi_file_service.proto \
	feature_demo/demo_service.proto \
	feature_demo/demo_types.proto
	$(DOCKER_RUNNER) \
	$(GENTOOL_IMAGE) \
	--go_out="plugins=grpc:$(DOCKERPATH)" \
	--gorm_out="engine=postgres,enums=string,gateway:$(DOCKERPATH)" \
	user/user.proto
	$(DOCKER_RUNNER) \
	$(GENTOOL_IMAGE) \
	--go_out="plugins=grpc:$(DOCKERPATH)" \
	--gorm_out="engine=postgres,enums=string,gateway:$(DOCKERPATH)" \
	postgres_arrays/postgres_arrays.proto
	

updateversion:
#  Phony target (prerequisite of .PHONY).
#  Implicit rule search has not been done.
#  File does not exist.
#  File has not been updated.
#  commands to execute (from `Makefile.buf', line 113):
	$(error "VERSION must be set")
	

# Not a target:
all:
#  Command-line target.
#  Implicit rule search has been done.
#  File does not exist.
#  File has not been updated.
# variable set hash-table stats:
# Load=0/32=0%, Rehash=0, Collisions=0/0=0%

.PHONY: deps local https ssh clean updateversion compile release _github_release
#  Implicit rule search has not been done.
#  Modification time never checked.
#  File has not been updated.

# Not a target:
example/feature_demo/demo_types.proto:
#  Implicit rule search has not been done.
#  Modification time never checked.
#  File has not been updated.

example/feature_demo/demo_types.pb.go: example/feature_demo/demo_multi_file.proto example/feature_demo/demo_multi_file_service.proto example/feature_demo/demo_service.proto example/feature_demo/demo_types.proto
#  Implicit rule search has not been done.
#  Modification time never checked.
#  File has not been updated.
#  commands to execute (from `Makefile', line 37):
	buf generate --template example/feature_demo/buf.gen.yaml --path example/feature_demo
	

local: /Users/VincentX/.cache/buf-example/Darwin/arm64/versions/buf/1.0.0-rc12
#  Phony target (prerequisite of .PHONY).
#  Implicit rule search has not been done.
#  File does not exist.
#  File has not been updated.
#  commands to execute (from `Makefile.buf', line 81):
	buf lint
	buf breaking --against '.git#branch=main'
	

deps: /Users/VincentX/.cache/buf-example/Darwin/arm64/versions/buf/1.0.0-rc12
#  Phony target (prerequisite of .PHONY).
#  Implicit rule search has not been done.
#  File does not exist.
#  File has not been updated.

# Not a target:
proto/options/gorm.proto:
#  Implicit rule search has not been done.
#  Modification time never checked.
#  File has not been updated.

# Not a target:
.SUFFIXES:
#  Implicit rule search has not been done.
#  Modification time never checked.
#  File has not been updated.

# Not a target:
Makefile:
#  Implicit rule search has been done.
#  Last modified 2022-03-15 05:25:23
#  File has been updated.
#  Successfully updated.
# variable set hash-table stats:
# Load=0/32=0%, Rehash=0, Collisions=0/0=0%

example/feature_demo/demo_service_grpc.pb.go: example/feature_demo/demo_multi_file.proto example/feature_demo/demo_multi_file_service.proto example/feature_demo/demo_service.proto example/feature_demo/demo_types.proto
#  Implicit rule search has not been done.
#  Modification time never checked.
#  File has not been updated.
#  commands to execute (from `Makefile', line 37):
	buf generate --template example/feature_demo/buf.gen.yaml --path example/feature_demo
	

test: lint build
#  Implicit rule search has not been done.
#  Modification time never checked.
#  File has not been updated.
#  commands to execute (from `Makefile', line 17):
	go test -v ./...
	

build: /Users/VincentX/.cache/buf-example/Darwin/arm64/versions/buf/1.0.0-rc12
#  Implicit rule search has not been done.
#  Modification time never checked.
#  File has not been updated.
#  commands to execute (from `Makefile', line 14):
	buf build
	

options/gorm.pb.go: proto/options/gorm.proto
#  Implicit rule search has not been done.
#  Modification time never checked.
#  File has not been updated.
#  commands to execute (from `Makefile', line 31):
	buf generate --template proto/options/buf.gen.yaml --path proto/options
	

build-postgres-local:
#  Implicit rule search has not been done.
#  Modification time never checked.
#  File has not been updated.
#  commands to execute (from `Makefile', line 99):
	rm -rf example/postgres_arrays/github.com/
	rm -rf example/postgres_arrays/google.golang.org
	go install
	protoc --proto_path . \
	-I./proto/ \
	-I./third_party/proto/ \
 
	example/postgres_arrays/postgres_arrays.proto --gorm_out="engine=postgres,enums=string,gateway:./example/postgres_arrays" --go_out=./example/postgres_arrays
	

build-local:
#  Implicit rule search has not been done.
#  Modification time never checked.
#  File has not been updated.
#  commands to execute (from `Makefile', line 80):
	rm -rf example/feature_demo/github.com/
	rm -rf example/feature_demo/google.golang.org
	go install
	protoc --proto_path . \
	-I./proto/ \
	-I./third_party/proto/ \
	-I=. example/feature_demo/demo_multi_file.proto \
	example/feature_demo/demo_service.proto --gorm_out="engine=postgres,enums=string,gateway:./example/feature_demo" --go_out=./example/feature_demo
	

# Not a target:
example/feature_demo/demo_multi_file_service.proto:
#  Implicit rule search has not been done.
#  Modification time never checked.
#  File has not been updated.

example/feature_demo/demo_multi_file_service.pb.go: example/feature_demo/demo_multi_file.proto example/feature_demo/demo_multi_file_service.proto example/feature_demo/demo_service.proto example/feature_demo/demo_types.proto
#  Implicit rule search has not been done.
#  Modification time never checked.
#  File has not been updated.
#  commands to execute (from `Makefile', line 37):
	buf generate --template example/feature_demo/buf.gen.yaml --path example/feature_demo
	

/Users/VincentX/.cache/buf-example/Darwin/arm64/versions/buf/1.0.0-rc12:
#  Implicit rule search has not been done.
#  Modification time never checked.
#  File has not been updated.
#  commands to execute (from `Makefile.buf', line 53):
	@rm -f $(CACHE_BIN)/buf
	@mkdir -p $(CACHE_BIN)
	curl -sSL \
	"https://github.com/bufbuild/buf/releases/download/v$(BUF_VERSION)/buf-$(UNAME_OS)-$(UNAME_ARCH)" \
	-o "$(CACHE_BIN)/buf"
	chmod +x "$(CACHE_BIN)/buf"
	@rm -rf $(dir $(BUF))
	@mkdir -p $(dir $(BUF))
	@touch $(BUF)
	

generate: options/gorm.pb.go types/types.pb.go example/user/user.pb.go example/postgres_arrays/postgres_arrays.pb.go example/feature_demo/demo_multi_file.pb.go example/feature_demo/demo_multi_file_service.pb.go example/feature_demo/demo_multi_file_service_grpc.pb.go example/feature_demo/demo_service.pb.go example/feature_demo/demo_service_grpc.pb.go example/feature_demo/demo_types.pb.go
#  Implicit rule search has not been done.
#  Modification time never checked.
#  File has not been updated.

clean-gen:
#  Implicit rule search has not been done.
#  Modification time never checked.
#  File has not been updated.
#  commands to execute (from `Makefile', line 22):
	cd example/postgres_arrays && rm -f *.pb.gorm.go && rm -f *.pb.go
	cd example/user && rm -f *.pb.gorm.go && rm -f *.pb.go
	cd example/feature_demo && rm -f *.pb.gorm.go && rm -f *.pb.go
	cd options && rm -f *.pb.gorm.go && rm -f *.pb.go
	cd types && rm -f types.pb.go
	

https: /Users/VincentX/.cache/buf-example/Darwin/arm64/versions/buf/1.0.0-rc12
#  Phony target (prerequisite of .PHONY).
#  Implicit rule search has not been done.
#  File does not exist.
#  File has not been updated.
#  commands to execute (from `Makefile.buf', line 89):
	buf lint
	buf breaking --against "$(HTTPS_GIT)#branch=master"
	

# Not a target:
example/postgres_arrays/postgres_arrays.proto:
#  Implicit rule search has not been done.
#  Modification time never checked.
#  File has not been updated.

compile:
#  Phony target (prerequisite of .PHONY).
#  Implicit rule search has not been done.
#  File does not exist.
#  File has not been updated.
#  commands to execute (from `Makefile', line 109):
	rm -rf build && mkdir build
	for RAW_DIST in $$(go tool dist list); do \
	DIST=($${RAW_DIST//// }) && export GOOS=$${DIST[0]} && export GOARCH=$${DIST[1]} && CURRENT="build/protoc-gen-gorm-$$GOOS-$$GOARCH" \
	&& go build -o "$$CURRENT" github.com/infobloxopen/protoc-gen-gorm \
	|| rm -vf "$$CURRENT"; \
	done
	

release: _github_release compile
#  Phony target (prerequisite of .PHONY).
#  Implicit rule search has not been done.
#  File does not exist.
#  File has not been updated.
#  commands to execute (from `Makefile', line 121):
	@ git push && if [[ "$$(git status --porcelain)" ]]; then echo 'Working dir dirty, aborting' && exit 1; fi
	@ if [ ! "$$TAG" ]; then echo 'TAG env var not set, aborting' && exit 1; fi
	git tag "$$TAG" && git push --tags
	github-release release --user $(GITHUB_USER) --repo $(GITHUB_REPO) --tag "$$TAG"
	cd build && for FILE in $$(ls protoc-gen-gorm-*); do \
	github-release upload --user $(GITHUB_USER) --repo $(GITHUB_REPO) --tag "$$TAG" --file "$$FILE" --name "$$FILE"; \
	done
	

example/postgres_arrays/postgres_arrays.pb.go: example/postgres_arrays/postgres_arrays.proto
#  Implicit rule search has not been done.
#  Modification time never checked.
#  File has not been updated.
#  commands to execute (from `Makefile', line 43):
	buf generate --template example/postgres_arrays/buf.gen.yaml --path example/postgres_arrays
	

# Not a target:
.DEFAULT:
#  Implicit rule search has not been done.
#  Modification time never checked.
#  File has not been updated.

# Not a target:
example/feature_demo/demo_multi_file.proto:
#  Implicit rule search has not been done.
#  Modification time never checked.
#  File has not been updated.

example/feature_demo/demo_multi_file.pb.go: example/feature_demo/demo_multi_file.proto example/feature_demo/demo_multi_file_service.proto example/feature_demo/demo_service.proto example/feature_demo/demo_types.proto
#  Implicit rule search has not been done.
#  Modification time never checked.
#  File has not been updated.
#  commands to execute (from `Makefile', line 37):
	buf generate --template example/feature_demo/buf.gen.yaml --path example/feature_demo
	

_github_release:
#  Phony target (prerequisite of .PHONY).
#  Implicit rule search has not been done.
#  File does not exist.
#  File has not been updated.
#  commands to execute (from `Makefile', line 132):
	@ which github-release &> /dev/null || go get -u github.com/github-release/github-release
	@ if [ ! "$$GITHUB_TOKEN" ]; then echo 'GITHUB_TOKEN env var not set, aborting' && exit 1; fi
	

clean:
#  Phony target (prerequisite of .PHONY).
#  Implicit rule search has not been done.
#  File does not exist.
#  File has not been updated.
#  commands to execute (from `Makefile.buf', line 105):
	git clean -xdf
	rm -rf $(CACHE_BASE)
	

example/feature_demo/demo_multi_file_service_grpc.pb.go: example/feature_demo/demo_multi_file.proto example/feature_demo/demo_multi_file_service.proto example/feature_demo/demo_service.proto example/feature_demo/demo_types.proto
#  Implicit rule search has not been done.
#  Modification time never checked.
#  File has not been updated.
#  commands to execute (from `Makefile', line 37):
	buf generate --template example/feature_demo/buf.gen.yaml --path example/feature_demo
	

regenerate: clean-gen generate
#  Implicit rule search has not been done.
#  Modification time never checked.
#  File has not been updated.

build-user-local:
#  Implicit rule search has not been done.
#  Modification time never checked.
#  File has not been updated.
#  commands to execute (from `Makefile', line 90):
	rm -rf example/user/github.com/
	rm -rf example/user/google.golang.org
	go install
	protoc --proto_path . \
	-I./proto/ \
	-I./third_party/proto/ \
	example/user/user.proto --gorm_out="engine=postgres,enums=string,gateway:./example/user" --go_out=./example/user
	

ssh: /Users/VincentX/.cache/buf-example/Darwin/arm64/versions/buf/1.0.0-rc12
#  Phony target (prerequisite of .PHONY).
#  Implicit rule search has not been done.
#  File does not exist.
#  File has not been updated.
#  commands to execute (from `Makefile.buf', line 98):
	buf lint
	buf breaking --against "$(SSH_GIT)#branch=master"
	

# Not a target:
proto/types/types.proto:
#  Implicit rule search has not been done.
#  Modification time never checked.
#  File has not been updated.

lint: /Users/VincentX/.cache/buf-example/Darwin/arm64/versions/buf/1.0.0-rc12
#  Implicit rule search has not been done.
#  Modification time never checked.
#  File has not been updated.
#  commands to execute (from `Makefile', line 11):
	buf lint
	

# Not a target:
Makefile.buf:
#  Implicit rule search has been done.
 
#  Last modified 2022-03-15 05:25:23
#  File has been updated.
#  Successfully updated.
# variable set hash-table stats:
# Load=0/32=0%, Rehash=0, Collisions=0/0=0%

types/types.pb.go: proto/types/types.proto
#  Implicit rule search has not been done.
#  Modification time never checked.
#  File has not been updated.
#  commands to execute (from `Makefile', line 34):
	buf generate --template proto/types/buf.gen.yaml --path proto/types
	

install:
#  Implicit rule search has not been done.
#  Modification time never checked.
#  File has not been updated.
#  commands to execute (from `Makefile', line 46):
	go install -v .
	

# files hash-table stats:
# Load=46/1024=4%, Rehash=0, Collisions=2/134=1%
# VPATH Search Paths

# No `vpath' search paths.

# No general (`VPATH' variable) search path.

# # of strings in strcache: 2
# # of strcache buffers: 1
# strcache size: total = 4096 / max = 4096 / min = 4096 / avg = 4096
# strcache free: total = 4074 / max = 4074 / min = 4074 / avg = 4074

# Finished Make data base on Tue Mar 15 05:26:38 2022

 
